#
# There is insufficient memory for the Java Runtime Environment to continue.
# Native memory allocation (mmap) failed to map 20971520 bytes for G1 virtual space
# Possible reasons:
#   The system is out of physical RAM or swap space
#   The process is running with CompressedOops enabled, and the Java Heap may be blocking the growth of the native heap
# Possible solutions:
#   Reduce memory load on the system
#   Increase physical memory or swap space
#   Check if swap backing store is full
#   Decrease Java heap size (-Xmx/-Xms)
#   Decrease number of Java threads
#   Decrease Java thread stack sizes (-Xss)
#   Set larger code cache with -XX:ReservedCodeCacheSize=
#   JVM is running with Unscaled Compressed Oops mode in which the Java heap is
#     placed in the first 4GB address space. The Java Heap base address is the
#     maximum limit for the native heap growth. Please use -XX:HeapBaseMinAddress
#     to set the Java Heap base and to place the Java Heap above 4GB virtual address.
# This output file may be truncated or incomplete.
#
#  Out of Memory Error (os_windows.cpp:3466), pid=708, tid=19176
#
# JRE version: Java(TM) SE Runtime Environment (16.0.2+7) (build 16.0.2+7-67)
# Java VM: Java HotSpot(TM) 64-Bit Server VM (16.0.2+7-67, mixed mode, sharing, tiered, compressed oops, compressed class ptrs, g1 gc, windows-amd64)
# No core dump will be written. Minidumps are not enabled by default on client versions of Windows
#

---------------  S U M M A R Y ------------

Command Line: -XX:TieredStopAtLevel=1 -Xverify:none -Dspring.output.ansi.enabled=always -javaagent:C:\Program Files\JetBrains\IntelliJ IDEA 2021.2.3\lib\idea_rt.jar=60474:C:\Program Files\JetBrains\IntelliJ IDEA 2021.2.3\bin -Dcom.sun.management.jmxremote -Dspring.jmx.enabled=true -Dspring.liveBeansView.mbeanDomain -Dspring.application.admin.enabled=true -Dfile.encoding=UTF-8 com.akash.SectorServiceApplication.SectorServiceApplication

Host: Intel(R) Core(TM) i7-7500U CPU @ 2.70GHz, 4 cores, 7G,  Windows 10 , 64 bit Build 19041 (10.0.19041.1348)
Time: Sun Dec 12 23:34:23 2021 India Standard Time elapsed time: 10.567683 seconds (0d 0h 0m 10s)

---------------  T H R E A D  ---------------

Current thread (0x0000017f248d4b10):  VMThread "VM Thread" [stack: 0x00000052ccd00000,0x00000052cce00000] [id=19176]

Stack: [0x00000052ccd00000,0x00000052cce00000]
Native frames: (J=compiled Java code, j=interpreted, Vv=VM code, C=native code)
V  [jvm.dll+0x6681ca]
V  [jvm.dll+0x7c9e69]
V  [jvm.dll+0x7cb61e]
V  [jvm.dll+0x7cbc73]
V  [jvm.dll+0x242c55]
V  [jvm.dll+0x664f89]
V  [jvm.dll+0x659b75]
V  [jvm.dll+0x2fbfbb]
V  [jvm.dll+0x3031b6]
V  [jvm.dll+0x35299e]
V  [jvm.dll+0x352bcf]
V  [jvm.dll+0x2d3028]
V  [jvm.dll+0x2d0bb5]
V  [jvm.dll+0x2d01ec]
V  [jvm.dll+0x3152d2]
V  [jvm.dll+0x7d00ab]
V  [jvm.dll+0x7d0da4]
V  [jvm.dll+0x7d12a9]
V  [jvm.dll+0x7d1564]
V  [jvm.dll+0x7d1630]
V  [jvm.dll+0x7795aa]
V  [jvm.dll+0x667066]
C  [ucrtbase.dll+0x21bb2]
C  [KERNEL32.DLL+0x17034]
C  [ntdll.dll+0x52651]

VM_Operation (0x00000052cdff98f0): G1CollectForAllocation, mode: safepoint, requested by thread 0x0000017f263617f0


---------------  P R O C E S S  ---------------

Threads class SMR info:
_java_thread_list=0x0000017f295ac7a0, length=30, elements={
0x0000017f0721c360, 0x0000017f248d8f00, 0x0000017f248d9dc0, 0x0000017f248e87b0,
0x0000017f248ec340, 0x0000017f248ed3f0, 0x0000017f248edd00, 0x0000017f248efdc0,
0x0000017f248f43b0, 0x0000017f248b7b00, 0x0000017f257f4dd0, 0x0000017f25c25070,
0x0000017f25d08d80, 0x0000017f25cc2570, 0x0000017f263617f0, 0x0000017f26649930,
0x0000017f26543090, 0x0000017f27083b50, 0x0000017f2657c750, 0x0000017f2657d740,
0x0000017f293bf5b0, 0x0000017f293c1590, 0x0000017f293c2ad0, 0x0000017f293bfb00,
0x0000017f293c3ac0, 0x0000017f293beb10, 0x0000017f293c4010, 0x0000017f293c5550,
0x0000017f293c0050, 0x0000017f293c1ae0
}

Java Threads: ( => current thread )
  0x0000017f0721c360 JavaThread "main" [_thread_blocked, id=14288, stack(0x00000052cc700000,0x00000052cc800000)]
  0x0000017f248d8f00 JavaThread "Reference Handler" daemon [_thread_blocked, id=11660, stack(0x00000052cce00000,0x00000052ccf00000)]
  0x0000017f248d9dc0 JavaThread "Finalizer" daemon [_thread_blocked, id=18500, stack(0x00000052ccf00000,0x00000052cd000000)]
  0x0000017f248e87b0 JavaThread "Signal Dispatcher" daemon [_thread_blocked, id=6772, stack(0x00000052cd000000,0x00000052cd100000)]
  0x0000017f248ec340 JavaThread "Attach Listener" daemon [_thread_blocked, id=20836, stack(0x00000052cd100000,0x00000052cd200000)]
  0x0000017f248ed3f0 JavaThread "Service Thread" daemon [_thread_blocked, id=21176, stack(0x00000052cd200000,0x00000052cd300000)]
  0x0000017f248edd00 JavaThread "Monitor Deflation Thread" daemon [_thread_blocked, id=12592, stack(0x00000052cd300000,0x00000052cd400000)]
  0x0000017f248efdc0 JavaThread "C1 CompilerThread0" daemon [_thread_blocked, id=21564, stack(0x00000052cd400000,0x00000052cd500000)]
  0x0000017f248f43b0 JavaThread "Sweeper thread" daemon [_thread_blocked, id=20324, stack(0x00000052cd500000,0x00000052cd600000)]
  0x0000017f248b7b00 JavaThread "Common-Cleaner" daemon [_thread_blocked, id=22292, stack(0x00000052cd600000,0x00000052cd700000)]
  0x0000017f257f4dd0 JavaThread "Monitor Ctrl-Break" daemon [_thread_in_native, id=12152, stack(0x00000052cd900000,0x00000052cda00000)]
  0x0000017f25c25070 JavaThread "Notification Thread" daemon [_thread_blocked, id=14080, stack(0x00000052cda00000,0x00000052cdb00000)]
  0x0000017f25d08d80 JavaThread "RMI TCP Accept-0" daemon [_thread_in_native, id=11884, stack(0x00000052cdb00000,0x00000052cdc00000)]
  0x0000017f25cc2570 JavaThread "Thread-0" [_thread_blocked, id=11360, stack(0x00000052cde00000,0x00000052cdf00000)]
  0x0000017f263617f0 JavaThread "restartedMain" [_thread_blocked, id=18708, stack(0x00000052cdf00000,0x00000052ce000000)]
  0x0000017f26649930 JavaThread "RMI TCP Connection(1)-192.168.14.254" daemon [_thread_in_native, id=20664, stack(0x00000052ce000000,0x00000052ce100000)]
  0x0000017f26543090 JavaThread "RMI Scheduler(0)" daemon [_thread_blocked, id=12684, stack(0x00000052ce100000,0x00000052ce200000)]
  0x0000017f27083b50 JavaThread "RxIoScheduler-1 (Evictor)" daemon [_thread_blocked, id=19920, stack(0x00000052ce200000,0x00000052ce300000)]
  0x0000017f2657c750 JavaThread "Thread-5" daemon [_thread_in_native, id=22280, stack(0x00000052ce300000,0x00000052ce400000)]
  0x0000017f2657d740 JavaThread "cluster-ClusterId{value='61b639a50d6e971090680269', description='null'}-srv-cluster0.ob3vp.mongodb.net" daemon [_thread_blocked, id=20796, stack(0x00000052ce500000,0x00000052ce600000)]
  0x0000017f293bf5b0 JavaThread "cluster-ClusterId{value='61b639a50d6e971090680269', description='null'}-cluster0-shard-00-01.ob3vp.mongodb.net:27017" daemon [_thread_in_native, id=16880, stack(0x00000052ce600000,0x00000052ce700000)]
  0x0000017f293c1590 JavaThread "cluster-rtt-ClusterId{value='61b639a50d6e971090680269', description='null'}-cluster0-shard-00-01.ob3vp.mongodb.net:27017" daemon [_thread_blocked, id=19616, stack(0x00000052ce700000,0x00000052ce800000)]
  0x0000017f293c2ad0 JavaThread "cluster-ClusterId{value='61b639a50d6e971090680269', description='null'}-cluster0-shard-00-02.ob3vp.mongodb.net:27017" daemon [_thread_in_native, id=16332, stack(0x00000052ce800000,0x00000052ce900000)]
  0x0000017f293bfb00 JavaThread "cluster-rtt-ClusterId{value='61b639a50d6e971090680269', description='null'}-cluster0-shard-00-02.ob3vp.mongodb.net:27017" daemon [_thread_blocked, id=22016, stack(0x00000052ce900000,0x00000052cea00000)]
  0x0000017f293c3ac0 JavaThread "cluster-ClusterId{value='61b639a50d6e971090680269', description='null'}-cluster0-shard-00-00.ob3vp.mongodb.net:27017" daemon [_thread_in_native, id=6416, stack(0x00000052cea00000,0x00000052ceb00000)]
  0x0000017f293beb10 JavaThread "cluster-rtt-ClusterId{value='61b639a50d6e971090680269', description='null'}-cluster0-shard-00-00.ob3vp.mongodb.net:27017" daemon [_thread_blocked, id=19660, stack(0x00000052ceb00000,0x00000052cec00000)]
  0x0000017f293c4010 JavaThread "spring.cloud.inetutils" daemon [_thread_blocked, id=2700, stack(0x00000052cec00000,0x00000052ced00000)]
  0x0000017f293c5550 JavaThread "Catalina-utility-1" [_thread_blocked, id=19308, stack(0x00000052ced00000,0x00000052cee00000)]
  0x0000017f293c0050 JavaThread "Catalina-utility-2" [_thread_blocked, id=1932, stack(0x00000052cee00000,0x00000052cef00000)]
  0x0000017f293c1ae0 JavaThread "container-0" [_thread_blocked, id=13924, stack(0x00000052cef00000,0x00000052cf000000)]

Other Threads:
=>0x0000017f248d4b10 VMThread "VM Thread" [stack: 0x00000052ccd00000,0x00000052cce00000] [id=19176]
  0x0000017f0721d360 WatcherThread [stack: 0x00000052cdc00000,0x00000052cdd00000] [id=22220]
  0x0000017f0725b520 GCTaskThread "GC Thread#0" [stack: 0x00000052cc800000,0x00000052cc900000] [id=8740]
  0x0000017f25bbf770 GCTaskThread "GC Thread#1" [stack: 0x00000052cd700000,0x00000052cd800000] [id=6200]
  0x0000017f25bbfa80 GCTaskThread "GC Thread#2" [stack: 0x00000052cd800000,0x00000052cd900000] [id=22276]
  0x0000017f25febc30 GCTaskThread "GC Thread#3" [stack: 0x00000052cdd00000,0x00000052cde00000] [id=10728]
  0x0000017f0726c160 ConcurrentGCThread "G1 Main Marker" [stack: 0x00000052cc900000,0x00000052cca00000] [id=4356]
  0x0000017f0726cbd0 ConcurrentGCThread "G1 Conc#0" [stack: 0x00000052cca00000,0x00000052ccb00000] [id=17988]
  0x0000017f24790090 ConcurrentGCThread "G1 Refine#0" [stack: 0x00000052ccb00000,0x00000052ccc00000] [id=8016]
  0x0000017f24790b10 ConcurrentGCThread "G1 Service" [stack: 0x00000052ccc00000,0x00000052ccd00000] [id=11576]

Threads with active compile tasks:

VM state: at safepoint (normal execution)

VM Mutex/Monitor currently owned by a thread:  ([mutex/lock_event])
[0x0000017f07219290] Threads_lock - owner thread: 0x0000017f248d4b10
[0x0000017f072185a0] Heap_lock - owner thread: 0x0000017f263617f0

Heap address: 0x0000000082000000, size: 2016 MB, Compressed Oops mode: 32-bit

CDS archive(s) mapped at: [0x0000000800000000-0x0000000800bb0000-0x0000000800bb0000), size 12255232, SharedBaseAddress: 0x0000000800000000, ArchiveRelocationMode: 0.
Compressed class space mapped at: 0x0000000800c00000-0x0000000840c00000, reserved size: 1073741824
Narrow klass base: 0x0000000800000000, Narrow klass shift: 3, Narrow klass range: 0x100000000

GC Precious Log:
 CPUs: 4 total, 4 available
 Memory: 8058M
 Large Page Support: Disabled
 NUMA Support: Disabled
 Compressed Oops: Enabled (32-bit)
 Heap Region Size: 1M
 Heap Min Capacity: 8M
 Heap Initial Capacity: 126M
 Heap Max Capacity: 2016M
 Pre-touch: Disabled
 Parallel Workers: 4
 Concurrent Workers: 1
 Concurrent Refinement Workers: 4
 Periodic GC: Disabled

Heap:
 garbage-first heap   total 82944K, used 37297K [0x0000000082000000, 0x0000000100000000)
  region size 1024K, 5 young (5120K), 5 survivors (5120K)
 Metaspace       used 45237K, committed 45696K, reserved 1089536K
  class space    used 6225K, committed 6464K, reserved 1048576K

Heap Regions: E=young(eden), S=young(survivor), O=old, HS=humongous(starts), HC=humongous(continues), CS=collection set, F=free, OA=open archive, CA=closed archive, TAMS=top-at-mark-start (previous, next)
|   0|0x0000000082000000, 0x0000000082100000, 0x0000000082100000|100%| O|  |TAMS 0x0000000082100000, 0x0000000082000000| Untracked 
|   1|0x0000000082100000, 0x0000000082200000, 0x0000000082200000|100%| O|  |TAMS 0x0000000082200000, 0x0000000082100000| Untracked 
|   2|0x0000000082200000, 0x0000000082300000, 0x0000000082300000|100%| O|  |TAMS 0x0000000082300000, 0x0000000082200000| Untracked 
|   3|0x0000000082300000, 0x0000000082400000, 0x0000000082400000|100%| O|  |TAMS 0x0000000082400000, 0x0000000082300000| Untracked 
|   4|0x0000000082400000, 0x0000000082500000, 0x0000000082500000|100%| O|  |TAMS 0x0000000082500000, 0x0000000082400000| Untracked 
|   5|0x0000000082500000, 0x0000000082600000, 0x0000000082600000|100%| O|  |TAMS 0x0000000082600000, 0x0000000082500000| Untracked 
|   6|0x0000000082600000, 0x0000000082700000, 0x0000000082700000|100%| O|  |TAMS 0x0000000082700000, 0x0000000082600000| Untracked 
|   7|0x0000000082700000, 0x0000000082800000, 0x0000000082800000|100%| O|  |TAMS 0x0000000082800000, 0x0000000082700000| Untracked 
|   8|0x0000000082800000, 0x0000000082900000, 0x0000000082900000|100%| O|  |TAMS 0x0000000082900000, 0x0000000082800000| Untracked 
|   9|0x0000000082900000, 0x0000000082a00000, 0x0000000082a00000|100%| O|  |TAMS 0x0000000082a00000, 0x0000000082900000| Untracked 
|  10|0x0000000082a00000, 0x0000000082b00000, 0x0000000082b00000|100%| O|  |TAMS 0x0000000082b00000, 0x0000000082a00000| Untracked 
|  11|0x0000000082b00000, 0x0000000082c00000, 0x0000000082c00000|100%| O|  |TAMS 0x0000000082c00000, 0x0000000082b00000| Untracked 
|  12|0x0000000082c00000, 0x0000000082d00000, 0x0000000082d00000|100%| O|  |TAMS 0x0000000082d00000, 0x0000000082c00000| Untracked 
|  13|0x0000000082d00000, 0x0000000082d21e00, 0x0000000082e00000| 13%| O|  |TAMS 0x0000000082d21e00, 0x0000000082d00000| Untracked 
|  14|0x0000000082e00000, 0x0000000082f00000, 0x0000000082f00000|100%| O|  |TAMS 0x0000000082f00000, 0x0000000082e00000| Untracked 
|  15|0x0000000082f00000, 0x0000000083000000, 0x0000000083000000|100%| O|  |TAMS 0x0000000083000000, 0x0000000082f00000| Untracked 
|  16|0x0000000083000000, 0x0000000083100000, 0x0000000083100000|100%| O|  |TAMS 0x0000000083100000, 0x0000000083000000| Untracked 
|  17|0x0000000083100000, 0x0000000083200000, 0x0000000083200000|100%| O|  |TAMS 0x0000000083200000, 0x0000000083100000| Untracked 
|  18|0x0000000083200000, 0x0000000083300000, 0x0000000083300000|100%| O|  |TAMS 0x0000000083300000, 0x0000000083200000| Untracked 
|  19|0x0000000083300000, 0x0000000083400000, 0x0000000083400000|100%| O|  |TAMS 0x0000000083400000, 0x0000000083300000| Untracked 
|  20|0x0000000083400000, 0x0000000083500000, 0x0000000083500000|100%| O|  |TAMS 0x0000000083500000, 0x0000000083400000| Untracked 
|  21|0x0000000083500000, 0x0000000083600000, 0x0000000083600000|100%| O|  |TAMS 0x0000000083502a00, 0x0000000083500000| Untracked 
|  22|0x0000000083600000, 0x0000000083700000, 0x0000000083700000|100%| O|  |TAMS 0x0000000083600000, 0x0000000083600000| Untracked 
|  23|0x0000000083700000, 0x0000000083800000, 0x0000000083800000|100%| O|  |TAMS 0x0000000083700000, 0x0000000083700000| Untracked 
|  24|0x0000000083800000, 0x0000000083900000, 0x0000000083900000|100%| O|  |TAMS 0x0000000083800000, 0x0000000083800000| Untracked 
|  25|0x0000000083900000, 0x0000000083a00000, 0x0000000083a00000|100%| O|  |TAMS 0x0000000083900000, 0x0000000083900000| Untracked 
|  26|0x0000000083a00000, 0x0000000083b00000, 0x0000000083b00000|100%| O|  |TAMS 0x0000000083b00000, 0x0000000083a00000| Untracked 
|  27|0x0000000083b00000, 0x0000000083c00000, 0x0000000083c00000|100%| O|  |TAMS 0x0000000083c00000, 0x0000000083b00000| Untracked 
|  28|0x0000000083c00000, 0x0000000083d00000, 0x0000000083d00000|100%| O|  |TAMS 0x0000000083d00000, 0x0000000083c00000| Untracked 
|  29|0x0000000083d00000, 0x0000000083e00000, 0x0000000083e00000|100%| O|  |TAMS 0x0000000083e00000, 0x0000000083d00000| Untracked 
|  30|0x0000000083e00000, 0x0000000083f00000, 0x0000000083f00000|100%| O|  |TAMS 0x0000000083f00000, 0x0000000083e00000| Untracked 
|  31|0x0000000083f00000, 0x0000000084000000, 0x0000000084000000|100%| O|  |TAMS 0x0000000084000000, 0x0000000083f00000| Untracked 
|  32|0x0000000084000000, 0x00000000840f0a00, 0x0000000084100000| 93%| O|  |TAMS 0x0000000084000000, 0x0000000084000000| Untracked 
|  33|0x0000000084100000, 0x0000000084100000, 0x0000000084200000|  0%| F|  |TAMS 0x0000000084100000, 0x0000000084100000| Untracked 
|  34|0x0000000084200000, 0x0000000084200000, 0x0000000084300000|  0%| F|  |TAMS 0x0000000084200000, 0x0000000084200000| Untracked 
|  35|0x0000000084300000, 0x0000000084300000, 0x0000000084400000|  0%| F|  |TAMS 0x0000000084300000, 0x0000000084300000| Untracked 
|  36|0x0000000084400000, 0x0000000084400000, 0x0000000084500000|  0%| F|  |TAMS 0x0000000084400000, 0x0000000084400000| Untracked 
|  37|0x0000000084500000, 0x0000000084500000, 0x0000000084600000|  0%| F|  |TAMS 0x0000000084500000, 0x0000000084500000| Untracked 
|  38|0x0000000084600000, 0x0000000084600000, 0x0000000084700000|  0%| F|  |TAMS 0x0000000084600000, 0x0000000084600000| Untracked 
|  39|0x0000000084700000, 0x0000000084700000, 0x0000000084800000|  0%| F|  |TAMS 0x0000000084700000, 0x0000000084700000| Untracked 
|  40|0x0000000084800000, 0x0000000084800000, 0x0000000084900000|  0%| F|  |TAMS 0x0000000084800000, 0x0000000084800000| Untracked 
|  41|0x0000000084900000, 0x0000000084900000, 0x0000000084a00000|  0%| F|  |TAMS 0x0000000084900000, 0x0000000084900000| Untracked 
|  42|0x0000000084a00000, 0x0000000084a00000, 0x0000000084b00000|  0%| F|  |TAMS 0x0000000084a00000, 0x0000000084a00000| Untracked 
|  43|0x0000000084b00000, 0x0000000084b59f58, 0x0000000084c00000| 35%| S|CS|TAMS 0x0000000084b00000, 0x0000000084b00000| Complete 
|  44|0x0000000084c00000, 0x0000000084d00000, 0x0000000084d00000|100%| S|CS|TAMS 0x0000000084c00000, 0x0000000084c00000| Complete 
|  45|0x0000000084d00000, 0x0000000084d00000, 0x0000000084e00000|  0%| F|  |TAMS 0x0000000084d00000, 0x0000000084d00000| Untracked 
|  46|0x0000000084e00000, 0x0000000084e00000, 0x0000000084f00000|  0%| F|  |TAMS 0x0000000084e00000, 0x0000000084e00000| Untracked 
|  47|0x0000000084f00000, 0x0000000085000000, 0x0000000085000000|100%| S|CS|TAMS 0x0000000084f00000, 0x0000000084f00000| Complete 
|  48|0x0000000085000000, 0x0000000085100000, 0x0000000085100000|100%| S|CS|TAMS 0x0000000085000000, 0x0000000085000000| Complete 
|  49|0x0000000085100000, 0x0000000085100000, 0x0000000085200000|  0%| F|  |TAMS 0x0000000085100000, 0x0000000085100000| Untracked 
|  50|0x0000000085200000, 0x0000000085300000, 0x0000000085300000|100%| S|CS|TAMS 0x0000000085200000, 0x0000000085200000| Complete 
|  51|0x0000000085300000, 0x0000000085300000, 0x0000000085400000|  0%| F|  |TAMS 0x0000000085300000, 0x0000000085300000| Untracked 
|  52|0x0000000085400000, 0x0000000085400000, 0x0000000085500000|  0%| F|  |TAMS 0x0000000085400000, 0x0000000085400000| Untracked 
|  53|0x0000000085500000, 0x0000000085500000, 0x0000000085600000|  0%| F|  |TAMS 0x0000000085500000, 0x0000000085500000| Untracked 
|  54|0x0000000085600000, 0x0000000085600000, 0x0000000085700000|  0%| F|  |TAMS 0x0000000085600000, 0x0000000085600000| Untracked 
|  55|0x0000000085700000, 0x0000000085700000, 0x0000000085800000|  0%| F|  |TAMS 0x0000000085700000, 0x0000000085700000| Untracked 
|  56|0x0000000085800000, 0x0000000085800000, 0x0000000085900000|  0%| F|  |TAMS 0x0000000085800000, 0x0000000085800000| Untracked 
|  57|0x0000000085900000, 0x0000000085900000, 0x0000000085a00000|  0%| F|  |TAMS 0x0000000085900000, 0x0000000085900000| Untracked 
|  58|0x0000000085a00000, 0x0000000085a00000, 0x0000000085b00000|  0%| F|  |TAMS 0x0000000085a00000, 0x0000000085a00000| Untracked 
|  59|0x0000000085b00000, 0x0000000085b00000, 0x0000000085c00000|  0%| F|  |TAMS 0x0000000085b00000, 0x0000000085b00000| Untracked 
|  60|0x0000000085c00000, 0x0000000085c00000, 0x0000000085d00000|  0%| F|  |TAMS 0x0000000085c00000, 0x0000000085c00000| Untracked 
|  61|0x0000000085d00000, 0x0000000085d00000, 0x0000000085e00000|  0%| F|  |TAMS 0x0000000085d00000, 0x0000000085d00000| Untracked 
|  62|0x0000000085e00000, 0x0000000085e00000, 0x0000000085f00000|  0%| F|  |TAMS 0x0000000085e00000, 0x0000000085e00000| Untracked 
|  63|0x0000000085f00000, 0x0000000085f00000, 0x0000000086000000|  0%| F|  |TAMS 0x0000000085f00000, 0x0000000085f00000| Untracked 
|  64|0x0000000086000000, 0x0000000086000000, 0x0000000086100000|  0%| F|  |TAMS 0x0000000086000000, 0x0000000086000000| Untracked 
|  65|0x0000000086100000, 0x0000000086100000, 0x0000000086200000|  0%| F|  |TAMS 0x0000000086100000, 0x0000000086100000| Untracked 
|  66|0x0000000086200000, 0x0000000086200000, 0x0000000086300000|  0%| F|  |TAMS 0x0000000086200000, 0x0000000086200000| Untracked 
|  67|0x0000000086300000, 0x0000000086300000, 0x0000000086400000|  0%| F|  |TAMS 0x0000000086300000, 0x0000000086300000| Untracked 
|  68|0x0000000086400000, 0x0000000086400000, 0x0000000086500000|  0%| F|  |TAMS 0x0000000086400000, 0x0000000086400000| Untracked 
|  69|0x0000000086500000, 0x0000000086500000, 0x0000000086600000|  0%| F|  |TAMS 0x0000000086500000, 0x0000000086500000| Untracked 
|  70|0x0000000086600000, 0x0000000086600000, 0x0000000086700000|  0%| F|  |TAMS 0x0000000086600000, 0x0000000086600000| Untracked 
|  71|0x0000000086700000, 0x0000000086700000, 0x0000000086800000|  0%| F|  |TAMS 0x0000000086700000, 0x0000000086700000| Untracked 
|  72|0x0000000086800000, 0x0000000086800000, 0x0000000086900000|  0%| F|  |TAMS 0x0000000086800000, 0x0000000086800000| Untracked 
|  73|0x0000000086900000, 0x0000000086900000, 0x0000000086a00000|  0%| F|  |TAMS 0x0000000086900000, 0x0000000086900000| Untracked 
|  74|0x0000000086a00000, 0x0000000086a00000, 0x0000000086b00000|  0%| F|  |TAMS 0x0000000086a00000, 0x0000000086a00000| Untracked 
| 112|0x0000000089000000, 0x0000000089000000, 0x0000000089100000|  0%| F|  |TAMS 0x0000000089000000, 0x0000000089000000| Untracked 
| 113|0x0000000089100000, 0x0000000089100000, 0x0000000089200000|  0%| F|  |TAMS 0x0000000089100000, 0x0000000089100000| Untracked 
| 114|0x0000000089200000, 0x0000000089200000, 0x0000000089300000|  0%| F|  |TAMS 0x0000000089200000, 0x0000000089200000| Untracked 
| 115|0x0000000089300000, 0x0000000089300000, 0x0000000089400000|  0%| F|  |TAMS 0x0000000089300000, 0x0000000089300000| Untracked 
| 116|0x0000000089400000, 0x0000000089400000, 0x0000000089500000|  0%| F|  |TAMS 0x0000000089400000, 0x0000000089400000| Untracked 
| 125|0x0000000089d00000, 0x0000000089d00000, 0x0000000089e00000|  0%| F|  |TAMS 0x0000000089d00000, 0x0000000089d00000| Untracked 

Card table byte_map: [0x0000017f1dd70000,0x0000017f1e160000] _byte_map_base: 0x0000017f1d960000

Marking Bits (Prev, Next): (CMBitMap*) 0x0000017f0725bbd0, (CMBitMap*) 0x0000017f0725bb90
 Prev Bits: [0x0000017f204d0000, 0x0000017f22450000)
 Next Bits: [0x0000017f1e550000, 0x0000017f204d0000)

Polling page: 0x0000017f050c0000

Metaspace:

Usage:
  Non-class:     38.10 MB used.
      Class:      6.08 MB used.
       Both:     44.18 MB used.

Virtual space:
  Non-class space:       40.00 MB reserved,      38.31 MB ( 96%) committed,  5 nodes.
      Class space:        1.00 GB reserved,       6.31 MB ( <1%) committed,  1 nodes.
              Both:        1.04 GB reserved,      44.62 MB (  4%) committed. 

Chunk freelists:
   Non-Class:  1.02 MB
       Class:  1.72 MB
        Both:  2.74 MB

MaxMetaspaceSize: 17179869184.00 GB
CompressedClassSpaceSize: 1.00 GB
 - commit_granule_bytes: 65536.
 - commit_granule_words: 8192.
 - virtual_space_node_default_size: 1048576.
 - enlarge_chunks_in_place: 1.
 - new_chunks_are_fully_committed: 0.
 - uncommit_free_chunks: 1.
 - use_allocation_guard: 0.
 - handle_deallocations: 1.


Internal statistics:

num_allocs_failed_limit: 9.
num_arena_births: 646.
num_arena_deaths: 0.
num_vsnodes_births: 6.
num_vsnodes_deaths: 0.
num_space_committed: 714.
num_space_uncommitted: 0.
num_chunks_returned_to_freelist: 9.
num_chunks_taken_from_freelist: 2251.
num_chunk_merges: 9.
num_chunk_splits: 1459.
num_chunks_enlarged: 997.
num_purges: 0.

CodeHeap 'non-profiled nmethods': size=238912Kb used=10174Kb max_used=10174Kb free=228737Kb
 bounds [0x0000017f0f030000, 0x0000017f0fa20000, 0x0000017f1d980000]
CodeHeap 'non-nmethods': size=6848Kb used=1284Kb max_used=1284Kb free=5563Kb
 bounds [0x0000017f0e980000, 0x0000017f0ebf0000, 0x0000017f0f030000]
 total_blobs=6707 nmethods=6106 adapters=528
 compilation: enabled
              stopped_count=0, restarted_count=0
 full_count=0

Compilation events (20 events):
Event: 10.477 Thread 0x0000017f248efdc0 6096       1       jdk.internal.reflect.ClassFileAssembler::opc_swap (7 bytes)
Event: 10.477 Thread 0x0000017f248efdc0 nmethod 6096 0x0000017f0fa1c890 code [0x0000017f0fa1ca40, 0x0000017f0fa1cb68]
Event: 10.477 Thread 0x0000017f248efdc0 6098       1       jdk.internal.reflect.ByteVectorImpl::getData (5 bytes)
Event: 10.477 Thread 0x0000017f248efdc0 nmethod 6098 0x0000017f0fa1cc90 code [0x0000017f0fa1ce20, 0x0000017f0fa1cef8]
Event: 10.482 Thread 0x0000017f248efdc0 6099       1       jdk.internal.reflect.ClassFileAssembler::opc_dup (11 bytes)
Event: 10.482 Thread 0x0000017f248efdc0 nmethod 6099 0x0000017f0fa1cf90 code [0x0000017f0fa1d140, 0x0000017f0fa1d288]
Event: 10.529 Thread 0x0000017f248efdc0 6100       1       org.springframework.beans.TypeConverterDelegate::<init> (7 bytes)
Event: 10.529 Thread 0x0000017f248efdc0 nmethod 6100 0x0000017f0fa1d390 code [0x0000017f0fa1d520, 0x0000017f0fa1d658]
Event: 10.532 Thread 0x0000017f248efdc0 6101   !   1       jdk.proxy2.$Proxy115::annotationType (29 bytes)
Event: 10.532 Thread 0x0000017f248efdc0 nmethod 6101 0x0000017f0fa1d710 code [0x0000017f0fa1d8c0, 0x0000017f0fa1da98]
Event: 10.533 Thread 0x0000017f248efdc0 6102       1       org.springframework.asm.MethodVisitor::visitMethodInsn (80 bytes)
Event: 10.533 Thread 0x0000017f248efdc0 nmethod 6102 0x0000017f0fa1dc10 code [0x0000017f0fa1dde0, 0x0000017f0fa1dfc8]
Event: 10.536 Thread 0x0000017f248efdc0 6103       1       org.springframework.asm.ClassReader::createDebugLabel (23 bytes)
Event: 10.536 Thread 0x0000017f248efdc0 nmethod 6103 0x0000017f0fa1e110 code [0x0000017f0fa1e2c0, 0x0000017f0fa1e5b8]
Event: 10.537 Thread 0x0000017f248efdc0 6104   !   1       jdk.proxy2.$Proxy76::annotationType (29 bytes)
Event: 10.537 Thread 0x0000017f248efdc0 nmethod 6104 0x0000017f0fa1e710 code [0x0000017f0fa1e8c0, 0x0000017f0fa1ea98]
Event: 10.537 Thread 0x0000017f248efdc0 6105       1       java.lang.reflect.Proxy::isProxyClass (22 bytes)
Event: 10.537 Thread 0x0000017f248efdc0 nmethod 6105 0x0000017f0fa1ec10 code [0x0000017f0fa1ee20, 0x0000017f0fa1f2c8]
Event: 10.537 Thread 0x0000017f248efdc0 6106       1       org.springframework.asm.MethodVisitor::visitLabel (16 bytes)
Event: 10.537 Thread 0x0000017f248efdc0 nmethod 6106 0x0000017f0fa1f590 code [0x0000017f0fa1f740, 0x0000017f0fa1f828]

GC Heap History (20 events):
Event: 5.613 GC heap after
{Heap after GC invocations=8 (full 0):
 garbage-first heap   total 68608K, used 20914K [0x0000000082000000, 0x0000000100000000)
  region size 1024K, 4 young (4096K), 4 survivors (4096K)
 Metaspace       used 24733K, committed 25152K, reserved 1073152K
  class space    used 3385K, committed 3584K, reserved 1048576K
}
Event: 6.003 GC heap before
{Heap before GC invocations=8 (full 0):
 garbage-first heap   total 68608K, used 49586K [0x0000000082000000, 0x0000000100000000)
  region size 1024K, 33 young (33792K), 4 survivors (4096K)
 Metaspace       used 28062K, committed 28416K, reserved 1073152K
  class space    used 3853K, committed 4032K, reserved 1048576K
}
Event: 6.011 GC heap after
{Heap after GC invocations=9 (full 0):
 garbage-first heap   total 68608K, used 22626K [0x0000000082000000, 0x0000000100000000)
  region size 1024K, 2 young (2048K), 2 survivors (2048K)
 Metaspace       used 28062K, committed 28416K, reserved 1073152K
  class space    used 3853K, committed 4032K, reserved 1048576K
}
Event: 6.248 GC heap before
{Heap before GC invocations=9 (full 0):
 garbage-first heap   total 68608K, used 56418K [0x0000000082000000, 0x0000000100000000)
  region size 1024K, 31 young (31744K), 2 survivors (2048K)
 Metaspace       used 30756K, committed 31232K, reserved 1081344K
  class space    used 4122K, committed 4352K, reserved 1048576K
}
Event: 6.254 GC heap after
{Heap after GC invocations=10 (full 0):
 garbage-first heap   total 68608K, used 28966K [0x0000000082000000, 0x0000000100000000)
  region size 1024K, 4 young (4096K), 4 survivors (4096K)
 Metaspace       used 30756K, committed 31232K, reserved 1081344K
  class space    used 4122K, committed 4352K, reserved 1048576K
}
Event: 6.354 GC heap before
{Heap before GC invocations=10 (full 0):
 garbage-first heap   total 68608K, used 52518K [0x0000000082000000, 0x0000000100000000)
  region size 1024K, 26 young (26624K), 4 survivors (4096K)
 Metaspace       used 30767K, committed 31232K, reserved 1081344K
  class space    used 4123K, committed 4352K, reserved 1048576K
}
Event: 6.361 GC heap after
{Heap after GC invocations=11 (full 0):
 garbage-first heap   total 82944K, used 27358K [0x0000000082000000, 0x0000000100000000)
  region size 1024K, 2 young (2048K), 2 survivors (2048K)
 Metaspace       used 30767K, committed 31232K, reserved 1081344K
  class space    used 4123K, committed 4352K, reserved 1048576K
}
Event: 6.647 GC heap before
{Heap before GC invocations=11 (full 0):
 garbage-first heap   total 82944K, used 66270K [0x0000000082000000, 0x0000000100000000)
  region size 1024K, 36 young (36864K), 2 survivors (2048K)
 Metaspace       used 31803K, committed 32256K, reserved 1081344K
  class space    used 4251K, committed 4480K, reserved 1048576K
}
Event: 6.649 GC heap after
{Heap after GC invocations=12 (full 0):
 garbage-first heap   total 82944K, used 27442K [0x0000000082000000, 0x0000000100000000)
  region size 1024K, 2 young (2048K), 2 survivors (2048K)
 Metaspace       used 31803K, committed 32256K, reserved 1081344K
  class space    used 4251K, committed 4480K, reserved 1048576K
}
Event: 7.170 GC heap before
{Heap before GC invocations=12 (full 0):
 garbage-first heap   total 82944K, used 64306K [0x0000000082000000, 0x0000000100000000)
  region size 1024K, 38 young (38912K), 2 survivors (2048K)
 Metaspace       used 33376K, committed 33856K, reserved 1081344K
  class space    used 4526K, committed 4736K, reserved 1048576K
}
Event: 7.178 GC heap after
{Heap after GC invocations=13 (full 0):
 garbage-first heap   total 82944K, used 28830K [0x0000000082000000, 0x0000000100000000)
  region size 1024K, 3 young (3072K), 3 survivors (3072K)
 Metaspace       used 33376K, committed 33856K, reserved 1081344K
  class space    used 4526K, committed 4736K, reserved 1048576K
}
Event: 7.662 GC heap before
{Heap before GC invocations=13 (full 0):
 garbage-first heap   total 82944K, used 62622K [0x0000000082000000, 0x0000000100000000)
  region size 1024K, 37 young (37888K), 3 survivors (3072K)
 Metaspace       used 35149K, committed 35520K, reserved 1081344K
  class space    used 4801K, committed 4992K, reserved 1048576K
}
Event: 7.668 GC heap after
{Heap after GC invocations=14 (full 0):
 garbage-first heap   total 82944K, used 30068K [0x0000000082000000, 0x0000000100000000)
  region size 1024K, 4 young (4096K), 4 survivors (4096K)
 Metaspace       used 35149K, committed 35520K, reserved 1081344K
  class space    used 4801K, committed 4992K, reserved 1048576K
}
Event: 8.503 GC heap before
{Heap before GC invocations=15 (full 0):
 garbage-first heap   total 82944K, used 64884K [0x0000000082000000, 0x0000000100000000)
  region size 1024K, 38 young (38912K), 4 survivors (4096K)
 Metaspace       used 40558K, committed 41024K, reserved 1089536K
  class space    used 5556K, committed 5760K, reserved 1048576K
}
Event: 8.513 GC heap after
{Heap after GC invocations=16 (full 0):
 garbage-first heap   total 82944K, used 32903K [0x0000000082000000, 0x0000000100000000)
  region size 1024K, 5 young (5120K), 5 survivors (5120K)
 Metaspace       used 40558K, committed 41024K, reserved 1089536K
  class space    used 5556K, committed 5760K, reserved 1048576K
}
Event: 9.408 GC heap before
{Heap before GC invocations=17 (full 0):
 garbage-first heap   total 82944K, used 64647K [0x0000000082000000, 0x0000000100000000)
  region size 1024K, 37 young (37888K), 5 survivors (5120K)
 Metaspace       used 42944K, committed 43456K, reserved 1089536K
  class space    used 5878K, committed 6144K, reserved 1048576K
}
Event: 9.419 GC heap after
{Heap after GC invocations=18 (full 0):
 garbage-first heap   total 82944K, used 34535K [0x0000000082000000, 0x0000000100000000)
  region size 1024K, 2 young (2048K), 2 survivors (2048K)
 Metaspace       used 42944K, committed 43456K, reserved 1089536K
  class space    used 5878K, committed 6144K, reserved 1048576K
}
Event: 9.939 GC heap before
{Heap before GC invocations=18 (full 0):
 garbage-first heap   total 82944K, used 66279K [0x0000000082000000, 0x0000000100000000)
  region size 1024K, 33 young (33792K), 2 survivors (2048K)
 Metaspace       used 43843K, committed 44352K, reserved 1089536K
  class space    used 6015K, committed 6272K, reserved 1048576K
}
Event: 9.949 GC heap after
{Heap after GC invocations=19 (full 0):
 garbage-first heap   total 82944K, used 35512K [0x0000000082000000, 0x0000000100000000)
  region size 1024K, 3 young (3072K), 3 survivors (3072K)
 Metaspace       used 43843K, committed 44352K, reserved 1089536K
  class space    used 6015K, committed 6272K, reserved 1048576K
}
Event: 10.538 GC heap before
{Heap before GC invocations=19 (full 0):
 garbage-first heap   total 82944K, used 66232K [0x0000000082000000, 0x0000000100000000)
  region size 1024K, 33 young (33792K), 3 survivors (3072K)
 Metaspace       used 45237K, committed 45696K, reserved 1089536K
  class space    used 6225K, committed 6464K, reserved 1048576K
}

Deoptimization events (10 events):
Event: 5.059 Thread 0x0000017f263617f0 DEOPT PACKING pc=0x0000017f0f342154 sp=0x00000052cdffd000
Event: 5.059 Thread 0x0000017f263617f0 DEOPT UNPACKING pc=0x0000017f0e9cdece sp=0x00000052cdffc558 mode 0
Event: 5.759 Thread 0x0000017f263617f0 DEOPT PACKING pc=0x0000017f0f69dc81 sp=0x00000052cdffd510
Event: 5.759 Thread 0x0000017f263617f0 DEOPT UNPACKING pc=0x0000017f0e9cdece sp=0x00000052cdffcaa8 mode 3
Event: 8.499 Thread 0x0000017f263617f0 DEOPT PACKING pc=0x0000017f0f37c26a sp=0x00000052cdff4ff0
Event: 8.499 Thread 0x0000017f263617f0 DEOPT UNPACKING pc=0x0000017f0e9cdece sp=0x00000052cdff44f8 mode 3
Event: 8.499 Thread 0x0000017f263617f0 DEOPT PACKING pc=0x0000017f0f35d755 sp=0x00000052cdff4fb0
Event: 8.499 Thread 0x0000017f263617f0 DEOPT UNPACKING pc=0x0000017f0e9cdece sp=0x00000052cdff44f8 mode 3
Event: 9.919 Thread 0x0000017f293c0050 DEOPT PACKING pc=0x0000017f0f281417 sp=0x00000052ceefefd0
Event: 9.919 Thread 0x0000017f293c0050 DEOPT UNPACKING pc=0x0000017f0e9cdece sp=0x00000052ceefe428 mode 3

Classes unloaded (0 events):
No events

Classes redefined (0 events):
No events

Internal exceptions (20 events):
Event: 10.170 Thread 0x0000017f263617f0 Exception <a 'java/lang/ClassNotFoundException'{0x00000000867298d8}: org/springframework/data/mongodb/repository/support/MongoRepositoryFactoryBeanCustomizer> (0x00000000867298d8) 
thrown [t:\workspace\open\src\hotspot\share\classfile\systemDictionary.cpp, line 256]
Event: 10.172 Thread 0x0000017f263617f0 Exception <a 'java/lang/ClassNotFoundException'{0x000000008674e848}: org/springframework/beans/factory/InitializingBeanCustomizer> (0x000000008674e848) 
thrown [t:\workspace\open\src\hotspot\share\classfile\systemDictionary.cpp, line 256]
Event: 10.173 Thread 0x0000017f263617f0 Exception <a 'java/lang/ClassNotFoundException'{0x00000000867551c8}: org/springframework/data/repository/core/support/RepositoryFactoryInformationCustomizer> (0x00000000867551c8) 
thrown [t:\workspace\open\src\hotspot\share\classfile\systemDictionary.cpp, line 256]
Event: 10.174 Thread 0x0000017f263617f0 Exception <a 'java/lang/ClassNotFoundException'{0x0000000086761000}: org/springframework/beans/factory/FactoryBeanCustomizer> (0x0000000086761000) 
thrown [t:\workspace\open\src\hotspot\share\classfile\systemDictionary.cpp, line 256]
Event: 10.176 Thread 0x0000017f263617f0 Exception <a 'java/lang/ClassNotFoundException'{0x0000000086769150}: org/springframework/beans/factory/BeanClassLoaderAwareCustomizer> (0x0000000086769150) 
thrown [t:\workspace\open\src\hotspot\share\classfile\systemDictionary.cpp, line 256]
Event: 10.177 Thread 0x0000017f263617f0 Exception <a 'java/lang/ClassNotFoundException'{0x000000008676f3d8}: org/springframework/beans/factory/AwareCustomizer> (0x000000008676f3d8) 
thrown [t:\workspace\open\src\hotspot\share\classfile\systemDictionary.cpp, line 256]
Event: 10.177 Thread 0x0000017f263617f0 Exception <a 'java/lang/ClassNotFoundException'{0x0000000086774a28}: org/springframework/beans/factory/BeanFactoryAwareCustomizer> (0x0000000086774a28) 
thrown [t:\workspace\open\src\hotspot\share\classfile\systemDictionary.cpp, line 256]
Event: 10.178 Thread 0x0000017f263617f0 Exception <a 'java/lang/ClassNotFoundException'{0x000000008677b400}: org/springframework/beans/factory/AwareCustomizer> (0x000000008677b400) 
thrown [t:\workspace\open\src\hotspot\share\classfile\systemDictionary.cpp, line 256]
Event: 10.179 Thread 0x0000017f263617f0 Exception <a 'java/lang/ClassNotFoundException'{0x0000000086780eb0}: org/springframework/context/ApplicationEventPublisherAwareCustomizer> (0x0000000086780eb0) 
thrown [t:\workspace\open\src\hotspot\share\classfile\systemDictionary.cpp, line 256]
Event: 10.180 Thread 0x0000017f263617f0 Exception <a 'java/lang/ClassNotFoundException'{0x0000000086787870}: org/springframework/beans/factory/AwareCustomizer> (0x0000000086787870) 
thrown [t:\workspace\open\src\hotspot\share\classfile\systemDictionary.cpp, line 256]
Event: 10.181 Thread 0x0000017f263617f0 Exception <a 'java/lang/ClassNotFoundException'{0x0000000086799ba8}: java/lang/ObjectCustomizer> (0x0000000086799ba8) 
thrown [t:\workspace\open\src\hotspot\share\classfile\systemDictionary.cpp, line 256]
Event: 10.181 Thread 0x0000017f263617f0 Exception <a 'java/lang/ClassNotFoundException'{0x00000000867a2938}: org/springframework/core/io/support/PropertiesLoaderSupportCustomizer> (0x00000000867a2938) 
thrown [t:\workspace\open\src\hotspot\share\classfile\systemDictionary.cpp, line 256]
Event: 10.182 Thread 0x0000017f263617f0 Exception <a 'java/lang/ClassNotFoundException'{0x00000000867b0960}: org/springframework/beans/factory/config/PropertiesFactoryBeanCustomizer> (0x00000000867b0960) 
thrown [t:\workspace\open\src\hotspot\share\classfile\systemDictionary.cpp, line 256]
Event: 10.183 Thread 0x0000017f263617f0 Exception <a 'java/lang/ClassNotFoundException'{0x00000000867c67f0}: org/springframework/beans/factory/FactoryBeanCustomizer> (0x00000000867c67f0) 
thrown [t:\workspace\open\src\hotspot\share\classfile\systemDictionary.cpp, line 256]
Event: 10.183 Thread 0x0000017f263617f0 Exception <a 'java/lang/ClassNotFoundException'{0x00000000867ce850}: org/springframework/beans/factory/InitializingBeanCustomizer> (0x00000000867ce850) 
thrown [t:\workspace\open\src\hotspot\share\classfile\systemDictionary.cpp, line 256]
Event: 10.259 Thread 0x0000017f263617f0 Exception <a 'java/lang/IncompatibleClassChangeError'{0x0000000085e04540}: Found class java.lang.Object, but interface was expected> (0x0000000085e04540) 
thrown [t:\workspace\open\src\hotspot\share\interpreter\linkResolver.cpp, line 857]
Event: 10.263 Thread 0x0000017f263617f0 Exception <a 'java/lang/NoSuchMethodError'{0x0000000085e42c48}: 'void java.lang.invoke.DirectMethodHandle$Holder.invokeSpecial(java.lang.Object, java.lang.Object, java.lang.Object, java.lang.Object, java.lang.Object, java.lang.Object, java.lang.Object)'> (0x0000000085e42c48) 
thrown [t:\workspace\open\src\hotspot\share\interpreter\linkResolver.cpp, line 790]
Event: 10.419 Thread 0x0000017f263617f0 Exception <a 'java/lang/NoSuchMethodError'{0x0000000085c7a5d0}: 'int java.lang.invoke.DirectMethodHandle$Holder.invokeStatic(java.lang.Object, java.lang.Object, int)'> (0x0000000085c7a5d0) 
thrown [t:\workspace\open\src\hotspot\share\interpreter\linkResolver.cpp, line 790]
Event: 10.422 Thread 0x0000017f263617f0 Exception <a 'java/lang/NoSuchMethodError'{0x0000000085c96480}: 'java.lang.Object java.lang.invoke.DirectMethodHandle$Holder.invokeStatic(java.lang.Object, java.lang.Object, int, java.lang.Object)'> (0x0000000085c96480) 
thrown [t:\workspace\open\src\hotspot\share\interpreter\linkResolver.cpp, line 790]
Event: 10.424 Thread 0x0000017f263617f0 Exception <a 'java/lang/NoSuchMethodError'{0x0000000085c9e028}: 'java.lang.Object java.lang.invoke.DirectMethodHandle$Holder.newInvokeSpecial(java.lang.Object, java.lang.Object, int)'> (0x0000000085c9e028) 
thrown [t:\workspace\open\src\hotspot\share\interpreter\linkResolver.cpp, line 790]

Events (20 events):
Event: 10.211 loading class sun/reflect/annotation/AnnotationInvocationHandler$1 done
Event: 10.230 loading class java/util/concurrent/CompletableFuture$AltResult
Event: 10.230 loading class java/util/concurrent/CompletableFuture$AltResult done
Event: 10.230 loading class java/util/concurrent/CompletableFuture$Completion
Event: 10.231 loading class java/util/concurrent/CompletableFuture$AsynchronousCompletionTask
Event: 10.231 loading class java/util/concurrent/CompletableFuture$AsynchronousCompletionTask done
Event: 10.231 loading class java/util/concurrent/CompletableFuture$Completion done
Event: 10.263 loading class java/lang/Package$1PackageInfoProxy
Event: 10.263 loading class java/lang/Package$1PackageInfoProxy done
Event: 10.269 Executing  VM operation: HandshakeAllThreads
Event: 10.269 Executing  VM operation: HandshakeAllThreads done
Event: 10.420 loading class java/util/regex/Pattern$Pos
Event: 10.420 loading class java/util/regex/Pattern$Pos done
Event: 10.469 Thread 0x0000017f293c4560 Thread added: 0x0000017f293c4560
Event: 10.472 loading class sun/reflect/misc/MethodUtil
Event: 10.472 loading class sun/reflect/misc/MethodUtil done
Event: 10.472 loading class sun/reflect/misc/MethodUtil$1
Event: 10.472 loading class sun/reflect/misc/MethodUtil$1 done
Event: 10.476 Thread 0x0000017f293c4560 Thread exited: 0x0000017f293c4560
Event: 10.538 Executing  VM operation: G1CollectForAllocation


Dynamic libraries:
0x00007ff7949c0000 - 0x00007ff7949d0000 	C:\Program Files\Java\jdk-16.0.2\bin\java.exe
0x00007ffc87550000 - 0x00007ffc87745000 	C:\WINDOWS\SYSTEM32\ntdll.dll
0x00007ffc873b0000 - 0x00007ffc8746e000 	C:\WINDOWS\System32\KERNEL32.DLL
0x00007ffc84ec0000 - 0x00007ffc85188000 	C:\WINDOWS\System32\KERNELBASE.dll
0x00007ffc851c0000 - 0x00007ffc852c0000 	C:\WINDOWS\System32\ucrtbase.dll
0x00007ffc7f180000 - 0x00007ffc7f198000 	C:\Program Files\Java\jdk-16.0.2\bin\jli.dll
0x00007ffc867c0000 - 0x00007ffc8686c000 	C:\WINDOWS\System32\ADVAPI32.dll
0x00007ffc87470000 - 0x00007ffc8750e000 	C:\WINDOWS\System32\msvcrt.dll
0x00007ffc86010000 - 0x00007ffc860ab000 	C:\WINDOWS\System32\sechost.dll
0x00007ffc86f50000 - 0x00007ffc8707a000 	C:\WINDOWS\System32\RPCRT4.dll
0x00007ffc860b0000 - 0x00007ffc86251000 	C:\WINDOWS\System32\USER32.dll
0x00007ffc85190000 - 0x00007ffc851b2000 	C:\WINDOWS\System32\win32u.dll
0x00007ffc868f0000 - 0x00007ffc8691b000 	C:\WINDOWS\System32\GDI32.dll
0x00007ffc84db0000 - 0x00007ffc84ebb000 	C:\WINDOWS\System32\gdi32full.dll
0x00007ffc85310000 - 0x00007ffc853ad000 	C:\WINDOWS\System32\msvcp_win.dll
0x00007ffc808a0000 - 0x00007ffc808b9000 	C:\Program Files\Java\jdk-16.0.2\bin\VCRUNTIME140.dll
0x00007ffc74260000 - 0x00007ffc744fa000 	C:\WINDOWS\WinSxS\amd64_microsoft.windows.common-controls_6595b64144ccf1df_6.0.19041.1110_none_60b5254171f9507e\COMCTL32.dll
0x00007ffc77500000 - 0x00007ffc7750a000 	C:\WINDOWS\SYSTEM32\VERSION.dll
0x00007ffc86d00000 - 0x00007ffc86d30000 	C:\WINDOWS\System32\IMM32.DLL
0x00007ffc7fad0000 - 0x00007ffc7fadc000 	C:\Program Files\Java\jdk-16.0.2\bin\vcruntime140_1.dll
0x00007ffc67ef0000 - 0x00007ffc67f81000 	C:\Program Files\Java\jdk-16.0.2\bin\msvcp140.dll
0x00007ffc37b50000 - 0x00007ffc386fb000 	C:\Program Files\Java\jdk-16.0.2\bin\server\jvm.dll
0x00007ffc86870000 - 0x00007ffc86878000 	C:\WINDOWS\System32\PSAPI.DLL
0x00007ffc72ac0000 - 0x00007ffc72ac9000 	C:\WINDOWS\SYSTEM32\WSOCK32.dll
0x00007ffc86880000 - 0x00007ffc868eb000 	C:\WINDOWS\System32\WS2_32.dll
0x00007ffc727f0000 - 0x00007ffc72817000 	C:\WINDOWS\SYSTEM32\WINMM.dll
0x00007ffc82d50000 - 0x00007ffc82d62000 	C:\WINDOWS\SYSTEM32\kernel.appcore.dll
0x00007ffc7f1b0000 - 0x00007ffc7f1ba000 	C:\Program Files\Java\jdk-16.0.2\bin\jimage.dll
0x00007ffc82910000 - 0x00007ffc82af4000 	C:\WINDOWS\SYSTEM32\DBGHELP.DLL
0x00007ffc70600000 - 0x00007ffc7062c000 	C:\WINDOWS\SYSTEM32\dbgcore.DLL
0x00007ffc84c70000 - 0x00007ffc84cf3000 	C:\WINDOWS\System32\bcryptPrimitives.dll
0x00007ffc7d9c0000 - 0x00007ffc7d9ce000 	C:\Program Files\Java\jdk-16.0.2\bin\instrument.dll
0x00007ffc78600000 - 0x00007ffc78625000 	C:\Program Files\Java\jdk-16.0.2\bin\java.dll
0x00007ffc858d0000 - 0x00007ffc8600f000 	C:\WINDOWS\System32\SHELL32.dll
0x00007ffc82d70000 - 0x00007ffc83500000 	C:\WINDOWS\SYSTEM32\windows.storage.dll
0x00007ffc86930000 - 0x00007ffc86c85000 	C:\WINDOWS\System32\combase.dll
0x00007ffc846c0000 - 0x00007ffc846ee000 	C:\WINDOWS\SYSTEM32\Wldp.dll
0x00007ffc86df0000 - 0x00007ffc86e9d000 	C:\WINDOWS\System32\SHCORE.dll
0x00007ffc872d0000 - 0x00007ffc87325000 	C:\WINDOWS\System32\shlwapi.dll
0x00007ffc84bb0000 - 0x00007ffc84bcf000 	C:\WINDOWS\SYSTEM32\profapi.dll
0x00007ffc787b0000 - 0x00007ffc787c8000 	C:\Program Files\Java\jdk-16.0.2\bin\zip.dll
0x00007ffc75e90000 - 0x00007ffc75ea9000 	C:\Program Files\Java\jdk-16.0.2\bin\net.dll
0x00007ffc76db0000 - 0x00007ffc76ebc000 	C:\WINDOWS\SYSTEM32\WINHTTP.dll
0x00007ffc84420000 - 0x00007ffc8448a000 	C:\WINDOWS\system32\mswsock.dll
0x00007ffc73860000 - 0x00007ffc73873000 	C:\Program Files\Java\jdk-16.0.2\bin\nio.dll
0x00007ffc726b0000 - 0x00007ffc726ca000 	C:\Program Files\JetBrains\IntelliJ IDEA 2021.2.3\bin\breakgen64.dll
0x00007ffc841b0000 - 0x00007ffc8427b000 	C:\WINDOWS\SYSTEM32\DNSAPI.dll
0x00007ffc840c0000 - 0x00007ffc840fb000 	C:\WINDOWS\SYSTEM32\IPHLPAPI.DLL
0x00007ffc86cf0000 - 0x00007ffc86cf8000 	C:\WINDOWS\System32\NSI.dll
0x00007ffc75dd0000 - 0x00007ffc75dda000 	C:\Windows\System32\rasadhlp.dll
0x00007ffc76370000 - 0x00007ffc763ef000 	C:\WINDOWS\System32\fwpuclnt.dll
0x00007ffc85410000 - 0x00007ffc85437000 	C:\WINDOWS\System32\bcrypt.dll
0x00007ffc7b2c0000 - 0x00007ffc7b2c9000 	C:\Program Files\Java\jdk-16.0.2\bin\management.dll
0x00007ffc7b0b0000 - 0x00007ffc7b0bb000 	C:\Program Files\Java\jdk-16.0.2\bin\management_ext.dll
0x00007ffc84610000 - 0x00007ffc84628000 	C:\WINDOWS\SYSTEM32\CRYPTSP.dll
0x00007ffc83d30000 - 0x00007ffc83d64000 	C:\WINDOWS\system32\rsaenh.dll
0x00007ffc84b30000 - 0x00007ffc84b5e000 	C:\WINDOWS\SYSTEM32\USERENV.dll
0x00007ffc84630000 - 0x00007ffc8463c000 	C:\WINDOWS\SYSTEM32\CRYPTBASE.dll
0x00007ffc77570000 - 0x00007ffc77587000 	C:\WINDOWS\SYSTEM32\dhcpcsvc6.DLL
0x00007ffc775b0000 - 0x00007ffc775cd000 	C:\WINDOWS\SYSTEM32\dhcpcsvc.DLL
0x00007ffc6c7e0000 - 0x00007ffc6c7f7000 	C:\WINDOWS\system32\napinsp.dll
0x00007ffc6c7c0000 - 0x00007ffc6c7db000 	C:\WINDOWS\system32\pnrpnsp.dll
0x00007ffc7f3c0000 - 0x00007ffc7f3d5000 	C:\WINDOWS\system32\wshbth.dll
0x00007ffc7efa0000 - 0x00007ffc7efbd000 	C:\WINDOWS\system32\NLAapi.dll
0x00007ffc6c7a0000 - 0x00007ffc6c7b2000 	C:\WINDOWS\System32\winrnr.dll
0x00007ffc797b0000 - 0x00007ffc797be000 	C:\Program Files\Java\jdk-16.0.2\bin\sunmscapi.dll
0x00007ffc85440000 - 0x00007ffc85596000 	C:\WINDOWS\System32\CRYPT32.dll
0x00007ffc84730000 - 0x00007ffc84757000 	C:\WINDOWS\SYSTEM32\ncrypt.dll
0x00007ffc846f0000 - 0x00007ffc8472b000 	C:\WINDOWS\SYSTEM32\NTASN1.dll

dbghelp: loaded successfully - version: 4.0.5 - missing functions: none
symbol engine: initialized successfully - sym options: 0x614 - pdb path: .;C:\Program Files\Java\jdk-16.0.2\bin;C:\WINDOWS\SYSTEM32;C:\WINDOWS\WinSxS\amd64_microsoft.windows.common-controls_6595b64144ccf1df_6.0.19041.1110_none_60b5254171f9507e;C:\Program Files\Java\jdk-16.0.2\bin\server;C:\Program Files\JetBrains\IntelliJ IDEA 2021.2.3\bin

VM Arguments:
jvm_args: -XX:TieredStopAtLevel=1 -Xverify:none -Dspring.output.ansi.enabled=always -javaagent:C:\Program Files\JetBrains\IntelliJ IDEA 2021.2.3\lib\idea_rt.jar=60474:C:\Program Files\JetBrains\IntelliJ IDEA 2021.2.3\bin -Dcom.sun.management.jmxremote -Dspring.jmx.enabled=true -Dspring.liveBeansView.mbeanDomain -Dspring.application.admin.enabled=true -Dfile.encoding=UTF-8 
java_command: com.akash.SectorServiceApplication.SectorServiceApplication
java_class_path (initial): C:\Users\Akash PC\Desktop\Stock-Market-Charting\backend\SectorServiceApplication\target\classes;C:\Users\Akash PC\.m2\repository\org\springframework\cloud\spring-cloud-starter-netflix-hystrix\2.2.10.RELEASE\spring-cloud-starter-netflix-hystrix-2.2.10.RELEASE.jar;C:\Users\Akash PC\.m2\repository\org\springframework\cloud\spring-cloud-starter\3.0.4\spring-cloud-starter-3.0.4.jar;C:\Users\Akash PC\.m2\repository\org\springframework\cloud\spring-cloud-context\3.0.4\spring-cloud-context-3.0.4.jar;C:\Users\Akash PC\.m2\repository\org\springframework\security\spring-security-rsa\1.0.10.RELEASE\spring-security-rsa-1.0.10.RELEASE.jar;C:\Users\Akash PC\.m2\repository\org\bouncycastle\bcpkix-jdk15on\1.68\bcpkix-jdk15on-1.68.jar;C:\Users\Akash PC\.m2\repository\org\bouncycastle\bcprov-jdk15on\1.68\bcprov-jdk15on-1.68.jar;C:\Users\Akash PC\.m2\repository\org\springframework\cloud\spring-cloud-netflix-hystrix\2.2.10.RELEASE\spring-cloud-netflix-hystrix-2.2.10.RELEASE.jar;C:\Users\Akash PC\.m2\repository\org\springframework\cloud\spring-cloud-netflix-ribbon\2.2.10.RELEASE\spring-cloud-netflix-ribbon-2.2.10.RELEASE.jar;C:\Users\Akash PC\.m2\repository\org\springframework\cloud\spring-cloud-netflix-archaius\2.2.10.RELEASE\spring-cloud-netflix-archaius-2.2.10.RELEASE.jar;C:\Users\Akash PC\.m2\repository\org\springframework\cloud\spring-cloud-starter-netflix-archaius\2.2.10.RELEASE\spring-cloud-starter-netflix-archaius-2.2.10.RELEASE.jar;C:\Users\Akash PC\.m2\repository\com\netflix\archaius\archaius-core\0.7.7\archaius-core-0.7.7.jar;C:\Users\Akash PC\.m2\repository\com\google\code\findbugs\jsr305\3.0.1\jsr305-3.0.1.jar;C:\Users\Akash PC\.m2\repository\commons-configuration\commons-configuration\1.8\commons-configuration-1.8.jar;C:\Users\Akash PC\.m2\repository\commons-lang\commons-lang\2.6\commons-lang-2.6.jar;C:\Users\Akash PC\.m2\repository\com\netflix\hystrix\hystrix-core\1.5.18\hystrix-core-1.5.18.jar;C:\Users\Akash PC\.m2\repository\io\reactivex\rxja
Launcher Type: SUN_STANDARD

[Global flags]
     intx CICompilerCount                          = 3                                         {product} {ergonomic}
     uint ConcGCThreads                            = 1                                         {product} {ergonomic}
     uint G1ConcRefinementThreads                  = 4                                         {product} {ergonomic}
   size_t G1HeapRegionSize                         = 1048576                                   {product} {ergonomic}
    uintx GCDrainStackTargetSize                   = 64                                        {product} {ergonomic}
   size_t InitialHeapSize                          = 132120576                                 {product} {ergonomic}
     bool ManagementServer                         = true                                      {product} {command line}
   size_t MarkStackSize                            = 4194304                                   {product} {ergonomic}
   size_t MaxHeapSize                              = 2113929216                                {product} {ergonomic}
   size_t MaxNewSize                               = 1267728384                                {product} {ergonomic}
   size_t MinHeapDeltaBytes                        = 1048576                                   {product} {ergonomic}
   size_t MinHeapSize                              = 8388608                                   {product} {ergonomic}
    uintx NonNMethodCodeHeapSize                   = 6973028                                {pd product} {ergonomic}
    uintx NonProfiledCodeHeapSize                  = 244685212                              {pd product} {ergonomic}
    uintx ProfiledCodeHeapSize                     = 0                                      {pd product} {ergonomic}
    uintx ReservedCodeCacheSize                    = 251658240                              {pd product} {ergonomic}
     bool SegmentedCodeCache                       = true                                      {product} {ergonomic}
   size_t SoftMaxHeapSize                          = 2113929216                             {manageable} {ergonomic}
     intx TieredStopAtLevel                        = 1                                         {product} {command line}
     bool UseCompressedClassPointers               = true                           {product lp64_product} {ergonomic}
     bool UseCompressedOops                        = true                           {product lp64_product} {ergonomic}
     bool UseG1GC                                  = true                                      {product} {ergonomic}
     bool UseLargePagesIndividualAllocation        = false                                  {pd product} {ergonomic}

Logging:
Log output configuration:
 #0: stdout all=warning uptime,level,tags
 #1: stderr all=off uptime,level,tags

Environment Variables:
JAVA_HOME=C:\Program Files\Java\jdk-16.0.1
PATH=C:\Program Files (x86)\Common Files\Oracle\Java\javapath;C:\Program Files\Common Files\Oracle\Java\javapath;C:\Program Files (x86)\Intel\iCLS Client\;C:\Program Files\Java\jre-10.0.2\bin;C:\ProgramData\Oracle\Java\javapath;C:\Program Files\Intel\iCLS Client\;C:\WINDOWS\system32;C:\WINDOWS;C:\WINDOWS\System32\Wbem;C:\WINDOWS\System32\WindowsPowerShell\v1.0\;C:\WINDOWS\System32\OpenSSH\;C:\Program Files (x86)\Intel\Intel(R) Management Engine Components\DAL;C:\Program Files\Intel\Intel(R) Management Engine Components\DAL;C:\Program Files (x86)\Intel\Intel(R) Management Engine Components\IPT;C:\Program Files\Intel\Intel(R) Management Engine Components\IPT;C:\Program Files\Java\jdk-10.0.2\bin;F:\java\Java\jdk-10.0.2\bin;F:\java\Java\jre-10.0.2\bin;C:\Strawberry\c\bin;C:\Strawberry\perl\site\bin;C:\Strawberry\perl\bin;C:\Users\Akash PC\Downloads\apache-maven-3.8.4-bin\apache-maven-3.8.4-bin;C:\Program Files\nodejs\;C:\Program Files\MySQL\MySQL Shell 8.0\bin\;C:\Users\Akash PC\AppData\Local\Programs\Python\Python37-32\Scripts\;C:\Users\Akash PC\AppData\Local\Programs\Python\Python37-32\;C:\Users\Akash PC\AppData\Local\Microsoft\WindowsApps;;C:\Users\Akash PC\AppData\Local\Programs\Microsoft VS Code\bin;C:\Users\Akash PC\AppData\Local\JetBrains\IntelliJ IDEA Community Edition 2021.2.3\bin;;C:\Users\Akash PC\AppData\Roaming\npm
USERNAME=Akash PC
OS=Windows_NT
PROCESSOR_IDENTIFIER=Intel64 Family 6 Model 142 Stepping 9, GenuineIntel



---------------  S Y S T E M  ---------------

OS:
 Windows 10 , 64 bit Build 19041 (10.0.19041.1348)
OS uptime: 9 days 12:09 hours

CPU: total 4 (initial active 4) (2 cores per cpu, 2 threads per core) family 6 model 142 stepping 9 microcode 0xb4, cx8, cmov, fxsr, ht, mmx, 3dnowpref, sse, sse2, sse3, ssse3, sse4.1, sse4.2, popcnt, lzcnt, tsc, tscinvbit, avx, avx2, aes, erms, clmul, bmi1, bmi2, adx, fma, vzeroupper, clflush, clflushopt

Memory: 4k page, system-wide physical 8058M (374M free)
TotalPageFile size 12058M (AvailPageFile size 25M)
current process WorkingSet (physical memory assigned to process): 201M, peak: 201M
current process commit charge ("private bytes"): 238M, peak: 258M

vm_info: Java HotSpot(TM) 64-Bit Server VM (16.0.2+7-67) for windows-amd64 JRE (16.0.2+7-67), built on Jun  8 2021 23:24:19 by "mach5one" with MS VC++ 16.7 (VS2019)

END.
